<?xml version="1.0" encoding="UTF-8"?>
<!-- Generated by org.testng.reporters.JUnitReportReporter -->
<testsuite hostname="SAINATH" failures="0" tests="2" name="TestNGClassTest.testNGBike" time="0.004" errors="0" timestamp="2020-03-19T21:57:51 IST" skipped="0">
  <testcase classname="TestNGClassTest.testNGBike" name="bikeEngine" time="0.002"/>
  <system-out/>
  <testcase classname="TestNGClassTest.testNGBike" name="bikeTyre" time="0.002"/>
  <system-out/>
</testsuite> <!-- TestNGClassTest.testNGBike -->
