<?xml version="1.0" encoding="UTF-8"?>
<!-- Generated by org.testng.reporters.JUnitReportReporter -->
<testsuite hostname="SAINATH" failures="0" tests="2" name="TestNGClassTest.testNGCar" time="0.011" errors="0" timestamp="2020-03-19T21:57:51 IST" skipped="0">
  <testcase classname="TestNGClassTest.testNGCar" name="carTyre" time="0.008"/>
  <system-out/>
  <testcase classname="TestNGClassTest.testNGCar" name="carEngine" time="0.003"/>
  <system-out/>
</testsuite> <!-- TestNGClassTest.testNGCar -->
