<?xml version="1.0" encoding="UTF-8"?>
<!-- Generated by org.testng.reporters.JUnitReportReporter -->
<testsuite hostname="SAINATH" failures="0" tests="1" name="TestNGAnnotationClassTest.testNGBase" time="0.008" errors="0" timestamp="2020-03-19T22:06:02 IST" skipped="0">
  <testcase classname="TestNGAnnotationClassTest.testNGBase" name="baseTest" time="0.008"/>
  <system-out/>
</testsuite> <!-- TestNGAnnotationClassTest.testNGBase -->
