<?xml version="1.0" encoding="UTF-8"?>
<!-- Generated by org.testng.reporters.JUnitReportReporter -->
<testsuite hostname="SAINATH" failures="0" tests="1" name="TestNGClassTest.testNGBase" time="0.013" errors="0" timestamp="2020-03-19T21:57:51 IST" skipped="0">
  <testcase classname="TestNGClassTest.testNGBase" name="baseTest" time="0.013"/>
  <system-out/>
</testsuite> <!-- TestNGClassTest.testNGBase -->
