<?xml version="1.0" encoding="UTF-8"?>
<!-- Generated by org.testng.reporters.JUnitReportReporter -->
<testsuite hostname="SAINATH" failures="0" tests="2" name="TestNGAnnotationClassTest.testNGBike" time="0.016" errors="0" timestamp="2020-03-19T22:39:36 IST" skipped="0">
  <testcase classname="TestNGAnnotationClassTest.testNGBike" name="bikeTyre" time="0.008"/>
  <system-out/>
  <testcase classname="TestNGAnnotationClassTest.testNGBike" name="bikeEngine" time="0.008"/>
  <system-out/>
</testsuite> <!-- TestNGAnnotationClassTest.testNGBike -->
