<?xml version="1.0" encoding="UTF-8"?>
<!-- Generated by org.testng.reporters.JUnitReportReporter -->
<testsuite hostname="SAINATH" failures="0" tests="2" name="TestNGClassTest.testNGTruck" time="0.010" errors="0" timestamp="2020-03-19T21:57:51 IST" skipped="0">
  <testcase classname="TestNGClassTest.testNGTruck" name="truckTyre" time="0.002"/>
  <system-out/>
  <testcase classname="TestNGClassTest.testNGTruck" name="truckEngine" time="0.008"/>
  <system-out/>
</testsuite> <!-- TestNGClassTest.testNGTruck -->
