<?xml version="1.0" encoding="UTF-8"?>
<!-- Generated by org.testng.reporters.JUnitReportReporter -->
<testsuite hostname="SAINATH" failures="0" tests="2" name="TestNGAnnotationClassTest.testNGTruck" time="0.008" errors="0" timestamp="2020-03-19T22:39:36 IST" skipped="0">
  <testcase classname="TestNGAnnotationClassTest.testNGTruck" name="truckTyre" time="0.002"/>
  <system-out/>
  <testcase classname="TestNGAnnotationClassTest.testNGTruck" name="truckEngine" time="0.006"/>
  <system-out/>
</testsuite> <!-- TestNGAnnotationClassTest.testNGTruck -->
