<?xml version="1.0" encoding="UTF-8"?>
<!-- Generated by org.testng.reporters.JUnitReportReporter -->
<testsuite hostname="SAINATH" failures="0" tests="2" name="TestNGDataProviderClassTest.testNGDataProvider" time="0.024" errors="0" timestamp="2020-03-19T22:22:44 IST" skipped="0">
  <testcase classname="TestNGDataProviderClassTest.testNGDataProvider" name="testNGDataProviderTest" time="0.020"/>
  <system-out/>
  <testcase classname="TestNGDataProviderClassTest.testNGDataProvider" name="testNGDataProviderTest" time="0.004"/>
  <system-out/>
</testsuite> <!-- TestNGDataProviderClassTest.testNGDataProvider -->
