<?xml version="1.0" encoding="UTF-8"?>
<!-- Generated by org.testng.reporters.JUnitReportReporter -->
<testsuite hostname="SAINATH" failures="0" tests="2" name="TestNGClassTest.testNGclass" time="0.045" errors="0" timestamp="2020-03-18T20:53:32 IST" skipped="0">
  <testcase classname="TestNGClassTest.testNGclass" name="SecondMethod" time="0.035"/>
  <system-out/>
  <testcase classname="TestNGClassTest.testNGclass" name="firstMethod" time="0.010"/>
  <system-out/>
</testsuite> <!-- TestNGClassTest.testNGclass -->
