<?xml version="1.0" encoding="UTF-8"?>
<!-- Generated by org.testng.reporters.JUnitReportReporter -->
<testsuite hostname="SAINATH" failures="0" tests="2" name="TestNGClassTest.testNG2class" time="0.014" errors="0" timestamp="2020-03-18T20:53:32 IST" skipped="0">
  <testcase classname="TestNGClassTest.testNG2class" name="fourthMethod" time="0.007"/>
  <system-out/>
  <testcase classname="TestNGClassTest.testNG2class" name="thirdMethod" time="0.007"/>
  <system-out/>
</testsuite> <!-- TestNGClassTest.testNG2class -->
