<?xml version="1.0" encoding="UTF-8"?>
<!-- Generated by org.testng.reporters.JUnitReportReporter -->
<testsuite hostname="SAINATH" failures="0" tests="2" name="TestNGAnnotationClassTest.testNGCar" time="0.024" errors="0" timestamp="2020-03-19T22:39:36 IST" skipped="0">
  <testcase classname="TestNGAnnotationClassTest.testNGCar" name="carTyre" time="0.008"/>
  <system-out/>
  <testcase classname="TestNGAnnotationClassTest.testNGCar" name="carEngine" time="0.016"/>
  <system-out/>
</testsuite> <!-- TestNGAnnotationClassTest.testNGCar -->
