<?xml version="1.0" encoding="UTF-8"?>
<!-- Generated by org.testng.reporters.JUnitReportReporter -->
<testsuite hostname="SAINATH" failures="0" tests="2" name="TestNGParamerisationClassTest.testNGTruck" time="0.005" errors="0" timestamp="2020-03-19T21:57:18 IST" skipped="0">
  <testcase classname="TestNGParamerisationClassTest.testNGTruck" name="truckTyre" time="0.002"/>
  <system-out/>
  <testcase classname="TestNGParamerisationClassTest.testNGTruck" name="truckEngine" time="0.003"/>
  <system-out/>
</testsuite> <!-- TestNGParamerisationClassTest.testNGTruck -->
